C:\Program Files (x86)\Microsoft Visual Studio\2019\Community\MSBuild\Microsoft\VC\v160\Microsoft.CppBuild.targets(438,5): warning MSB8004: Output Directory does not end with a trailing slash.  This build instance will add the slash as it is required to allow proper evaluation of the Output Directory.
  CheckRouteFound.c
  DSR.c
  MaintBuffer.c
  Network_Layer_Ack.c
  PacketProcessing.c
E:\V12_Projects\TLEACH_in_WSN_v12.0\WorkSpace_TLEACH_in_WSN\src\Simulation\DSR\DSR.c(40,23): warning C4013:  'fn_NetSim_TLEACH_init' undefined; assuming extern returning int
  RouteCache.c
  RouteError.c
  RouteReply.c
  RouteRequest.c
  SendBuffer.c
  SourceRoute.c
E:\V12_Projects\TLEACH_in_WSN_v12.0\WorkSpace_TLEACH_in_WSN\src\Simulation\DSR\PacketProcessing.c(36,29): warning C4013:  'fn_NetSim_TLEACH_GetNextHop' undefined; assuming extern returning int
  TLEACH.c
E:\V12_Projects\TLEACH_in_WSN_v12.0\WorkSpace_TLEACH_in_WSN\src\Simulation\DSR\SourceRoute.c(64,39): warning C4013:  'fn_NetSim_TLEACH_CheckDestination' undefined; assuming extern returning int
E:\V12_Projects\TLEACH_in_WSN_v12.0\WorkSpace_TLEACH_in_WSN\src\Simulation\DSR\TLEACH.c(46,1): warning C4010:  single-line comment contains line-continuation character
E:\V12_Projects\TLEACH_in_WSN_v12.0\WorkSpace_TLEACH_in_WSN\src\Simulation\DSR\TLEACH.c(47,1): warning C4010:  single-line comment contains line-continuation character
E:\V12_Projects\TLEACH_in_WSN_v12.0\WorkSpace_TLEACH_in_WSN\src\Simulation\DSR\TLEACH.c(48,1): warning C4010:  single-line comment contains line-continuation character
E:\V12_Projects\TLEACH_in_WSN_v12.0\WorkSpace_TLEACH_in_WSN\src\Simulation\DSR\TLEACH.c(98,46): warning C4013:  'fn_NetSim_TLEACH_AssignClusterHead' undefined; assuming extern returning int
E:\V12_Projects\TLEACH_in_WSN_v12.0\WorkSpace_TLEACH_in_WSN\src\Simulation\DSR\TLEACH.c(125,48): warning C4013:  'fn_NetSim_TLEACH_IdentifyCluster' undefined; assuming extern returning int
E:\V12_Projects\TLEACH_in_WSN_v12.0\WorkSpace_TLEACH_in_WSN\src\Simulation\DSR\TLEACH.c(81,12): warning C4101:  'nInterface': unreferenced local variable
E:\V12_Projects\TLEACH_in_WSN_v12.0\WorkSpace_TLEACH_in_WSN\src\Simulation\DSR\TLEACH.c(185,33): warning C4013:  'fn_NetSim_TLEACH_set_threshold' undefined; assuming extern returning int
E:\V12_Projects\TLEACH_in_WSN_v12.0\WorkSpace_TLEACH_in_WSN\src\Simulation\DSR\TLEACH.c(192,16): warning C4018:  '<': signed/unsigned mismatch
E:\V12_Projects\TLEACH_in_WSN_v12.0\WorkSpace_TLEACH_in_WSN\src\Simulation\DSR\TLEACH.c(239,16): warning C4018:  '<': signed/unsigned mismatch
E:\V12_Projects\TLEACH_in_WSN_v12.0\WorkSpace_TLEACH_in_WSN\src\Simulation\DSR\TLEACH.c(267,37): warning C4244:  '=': conversion from 'double' to 'int', possible loss of data
  Generating Code...
E:\V12_Projects\TLEACH_in_WSN_v12.0\WorkSpace_TLEACH_in_WSN\src\Simulation\DSR\TLEACH.c(270,44): warning C4244:  '*=': conversion from 'double' to 'int', possible loss of data
E:\V12_Projects\TLEACH_in_WSN_v12.0\WorkSpace_TLEACH_in_WSN\src\Simulation\DSR\TLEACH.c(227): warning C4715:  'fn_NetSim_TLEACH_IdentifyCluster': not all control paths return a value
C:\Program Files (x86)\Microsoft Visual Studio\2019\Community\MSBuild\Microsoft\VC\v160\Microsoft.CppBuild.targets(1264,5): warning MSB8012: TargetPath(E:\V12_Projects\TLEACH_in_WSN_v12.0\WorkSpace_TLEACH_in_WSN\src\Simulation\DSR\..\..\..\bin\bin_x64\DSR.dll) does not match the Linker's OutputFile property value (E:\V12_Projects\TLEACH_in_WSN_v12.0\WorkSpace_TLEACH_in_WSN\bin\bin_x64\libDSR.dll). This may cause your project to build incorrectly. To correct this, please make sure that $(OutDir), $(TargetName) and $(TargetExt) property values match the value specified in %(Link.OutputFile).
C:\Program Files (x86)\Microsoft Visual Studio\2019\Community\MSBuild\Microsoft\VC\v160\Microsoft.CppBuild.targets(1266,5): warning MSB8012: TargetName(DSR) does not match the Linker's OutputFile property value (libDSR). This may cause your project to build incorrectly. To correct this, please make sure that $(OutDir), $(TargetName) and $(TargetExt) property values match the value specified in %(Link.OutputFile).
CheckRouteFound.obj : warning LNK4075: ignoring '/EDITANDCONTINUE' due to '/INCREMENTAL:NO' specification
  List.lib(List.obj) : MSIL .netmodule or module compiled with /GL found; restarting link with /LTCG; add /LTCG to the link command line to improve linker performance
CheckRouteFound.obj : warning LNK4075: ignoring '/EDITANDCONTINUE' due to '/INCREMENTAL:NO' specification
     Creating library ..\..\..\bin\bin_x64\DSR.lib and object ..\..\..\bin\bin_x64\DSR.exp
LINK : warning LNK4098: defaultlib 'MSVCRT' conflicts with use of other libs; use /NODEFAULTLIB:library
  Generating code
  Finished generating code
List.lib(List.obj) : warning LNK4099: PDB 'List.pdb' was not found with 'List.lib(List.obj)' or at 'E:\V12_Projects\TLEACH_in_WSN_v12.0\WorkSpace_TLEACH_in_WSN\bin\bin_x64\List.pdb'; linking object as if no debug info
DSR.lib(DSR.obj) : warning LNK4099: PDB 'DSRLib.pdb' was not found with 'DSR.lib(DSR.obj)' or at 'E:\V12_Projects\TLEACH_in_WSN_v12.0\WorkSpace_TLEACH_in_WSN\bin\bin_x64\DSRLib.pdb'; linking object as if no debug info
DSR.lib(LinkLayerAck.obj) : warning LNK4099: PDB 'DSRLib.pdb' was not found with 'DSR.lib(LinkLayerAck.obj)' or at 'E:\V12_Projects\TLEACH_in_WSN_v12.0\WorkSpace_TLEACH_in_WSN\bin\bin_x64\DSRLib.pdb'; linking object as if no debug info
  DSR.vcxproj -> E:\V12_Projects\TLEACH_in_WSN_v12.0\WorkSpace_TLEACH_in_WSN\src\Simulation\DSR\..\..\..\bin\bin_x64\DSR.dll
