e:\v12_projects\tleach_in_wsn_v12.0\workspace_tleach_in_wsn\src\simulation\dsr\x64\debug\vc142.pdb
e:\v12_projects\tleach_in_wsn_v12.0\workspace_tleach_in_wsn\src\simulation\dsr\x64\debug\vc142.idb
e:\v12_projects\tleach_in_wsn_v12.0\workspace_tleach_in_wsn\src\simulation\dsr\x64\debug\tleach.obj
e:\v12_projects\tleach_in_wsn_v12.0\workspace_tleach_in_wsn\src\simulation\dsr\x64\debug\sourceroute.obj
e:\v12_projects\tleach_in_wsn_v12.0\workspace_tleach_in_wsn\src\simulation\dsr\x64\debug\sendbuffer.obj
e:\v12_projects\tleach_in_wsn_v12.0\workspace_tleach_in_wsn\src\simulation\dsr\x64\debug\routerequest.obj
e:\v12_projects\tleach_in_wsn_v12.0\workspace_tleach_in_wsn\src\simulation\dsr\x64\debug\routereply.obj
e:\v12_projects\tleach_in_wsn_v12.0\workspace_tleach_in_wsn\src\simulation\dsr\x64\debug\routeerror.obj
e:\v12_projects\tleach_in_wsn_v12.0\workspace_tleach_in_wsn\src\simulation\dsr\x64\debug\routecache.obj
e:\v12_projects\tleach_in_wsn_v12.0\workspace_tleach_in_wsn\src\simulation\dsr\x64\debug\packetprocessing.obj
e:\v12_projects\tleach_in_wsn_v12.0\workspace_tleach_in_wsn\src\simulation\dsr\x64\debug\network_layer_ack.obj
e:\v12_projects\tleach_in_wsn_v12.0\workspace_tleach_in_wsn\src\simulation\dsr\x64\debug\maintbuffer.obj
e:\v12_projects\tleach_in_wsn_v12.0\workspace_tleach_in_wsn\src\simulation\dsr\x64\debug\dsr.obj
e:\v12_projects\tleach_in_wsn_v12.0\workspace_tleach_in_wsn\src\simulation\dsr\x64\debug\checkroutefound.obj
e:\v12_projects\tleach_in_wsn_v12.0\workspace_tleach_in_wsn\bin\bin_x64\dsr.lib
e:\v12_projects\tleach_in_wsn_v12.0\workspace_tleach_in_wsn\bin\bin_x64\dsr.exp
e:\v12_projects\tleach_in_wsn_v12.0\workspace_tleach_in_wsn\bin\bin_x64\libdsr.dll
e:\v12_projects\tleach_in_wsn_v12.0\workspace_tleach_in_wsn\bin\bin_x64\dsr.pdb
e:\v12_projects\tleach_in_wsn_v12.0\workspace_tleach_in_wsn\src\simulation\dsr\x64\debug\dsr.tlog\cl.command.1.tlog
e:\v12_projects\tleach_in_wsn_v12.0\workspace_tleach_in_wsn\src\simulation\dsr\x64\debug\dsr.tlog\cl.read.1.tlog
e:\v12_projects\tleach_in_wsn_v12.0\workspace_tleach_in_wsn\src\simulation\dsr\x64\debug\dsr.tlog\cl.write.1.tlog
e:\v12_projects\tleach_in_wsn_v12.0\workspace_tleach_in_wsn\src\simulation\dsr\x64\debug\dsr.tlog\dsr.write.1u.tlog
e:\v12_projects\tleach_in_wsn_v12.0\workspace_tleach_in_wsn\src\simulation\dsr\x64\debug\dsr.tlog\link.command.1.tlog
e:\v12_projects\tleach_in_wsn_v12.0\workspace_tleach_in_wsn\src\simulation\dsr\x64\debug\dsr.tlog\link.read.1.tlog
e:\v12_projects\tleach_in_wsn_v12.0\workspace_tleach_in_wsn\src\simulation\dsr\x64\debug\dsr.tlog\link.write.1.tlog
